<?xml version="1.0" encoding="UTF-8"?>
<!-- Generated by org.testng.reporters.JUnitReportReporter -->
<testsuite skipped="0" hostname="DESKTOP-LB2VJ69" name="Mavenparameter.Datagiven_Test" tests="1" failures="0" timestamp="2022-08-02T10:13:26 IST" time="0.008" errors="0">
  <testcase name="logg" time="0.008" classname="Mavenparameter.Datagiven_Test"/>
  <system-out/>
</testsuite> <!-- Mavenparameter.Datagiven_Test -->
