<?xml version="1.0" encoding="UTF-8"?>
<!-- Generated by org.testng.reporters.JUnitReportReporter -->
<testsuite skipped="0" hostname="DESKTOP-LB2VJ69" name="Mavenparameter.Datagiven" tests="1" failures="0" timestamp="2022-08-01T17:37:43 IST" time="0.009" errors="0">
  <testcase name="logg" time="0.009" classname="Mavenparameter.Datagiven"/>
  <system-out/>
</testsuite> <!-- Mavenparameter.Datagiven -->
