<?xml version="1.0" encoding="UTF-8"?>
<!-- Generated by org.testng.reporters.JUnitReportReporter -->
<testsuite hostname="DESKTOP-LB2VJ69" failures="0" tests="1" name="Testcase1.Actitime_Test" time="4.089" errors="0" timestamp="2022-07-29T17:16:59 IST" skipped="0">
  <testcase classname="Testcase1.Actitime_Test" name="login" time="4.089"/>
  <system-out/>
</testsuite> <!-- Testcase1.Actitime_Test -->
